<?xml version="1.0" encoding="UTF-8"?>
<!-- Generated by org.testng.reporters.JUnitXMLReporter -->
<testsuite hostname="QCLAP1063-Rakshith" ignored="0" name="Default test" tests="1" failures="0" timestamp="09 Feb 2020 13:50:00 GMT" time="3.792" errors="0">
  <testcase name="@BeforeTest openBroswer" time="3.76" classname="com.crm.qa.testcases.e2eTestCase2">
    <failure type="org.openqa.selenium.SessionNotCreatedException" message="session not created: This version of ChromeDriver only supports Chrome version 78
Build info: version: &amp;apos;3.14.0&amp;apos;, revision: &amp;apos;aacccce0&amp;apos;, time: &amp;apos;2018-08-02T20:19:58.91Z&amp;apos;
System info: host: &amp;apos;QCLAP1063-RAKSH&amp;apos;, ip: &amp;apos;192.168.43.136&amp;apos;, os.name: &amp;apos;Windows 10&amp;apos;, os.arch: &amp;apos;amd64&amp;apos;, os.version: &amp;apos;10.0&amp;apos;, java.version: &amp;apos;1.8.0_231&amp;apos;
Driver info: driver.version: ChromeDriver
remote stacktrace: Backtrace:
	Ordinal0 [0x00A5A923+1550627]
	Ordinal0 [0x009DA731+1025841]
	Ordinal0 [0x0095C715+509717]
	Ordinal0 [0x008EFC68+64616]
	Ordinal0 [0x008EC594+50580]
	Ordinal0 [0x0090ACE7+175335]
	Ordinal0 [0x0090A8ED+174317]
	Ordinal0 [0x00908CDB+167131]
	Ordinal0 [0x008F144A+70730]
	Ordinal0 [0x008F24D0+74960]
	Ordinal0 [0x008F2469+74857]
	Ordinal0 [0x009F42F7+1131255]
	GetHandleVerifier [0x00AF711D+523789]
	GetHandleVerifier [0x00AF6EB0+523168]
	GetHandleVerifier [0x00AFE207+552695]
	GetHandleVerifier [0x00AF791A+525834]
	Ordinal0 [0x009EB82C+1095724]
	Ordinal0 [0x009F636B+1139563]
	Ordinal0 [0x009F64D3+1139923]
	Ordinal0 [0x009F5455+1135701]
	BaseThreadInitThunk [0x76256359+25]
	RtlGetAppContainerNamedObjectPath [0x77697B74+228]
	RtlGetAppContainerNamedObjectPath [0x77697B44+180]
">
      <![CDATA[org.openqa.selenium.SessionNotCreatedException: session not created: This version of ChromeDriver only supports Chrome version 78
Build info: version: '3.14.0', revision: 'aacccce0', time: '2018-08-02T20:19:58.91Z'
System info: host: 'QCLAP1063-RAKSH', ip: '192.168.43.136', os.name: 'Windows 10', os.arch: 'amd64', os.version: '10.0', java.version: '1.8.0_231'
Driver info: driver.version: ChromeDriver
remote stacktrace: Backtrace:
	Ordinal0 [0x00A5A923+1550627]
	Ordinal0 [0x009DA731+1025841]
	Ordinal0 [0x0095C715+509717]
	Ordinal0 [0x008EFC68+64616]
	Ordinal0 [0x008EC594+50580]
	Ordinal0 [0x0090ACE7+175335]
	Ordinal0 [0x0090A8ED+174317]
	Ordinal0 [0x00908CDB+167131]
	Ordinal0 [0x008F144A+70730]
	Ordinal0 [0x008F24D0+74960]
	Ordinal0 [0x008F2469+74857]
	Ordinal0 [0x009F42F7+1131255]
	GetHandleVerifier [0x00AF711D+523789]
	GetHandleVerifier [0x00AF6EB0+523168]
	GetHandleVerifier [0x00AFE207+552695]
	GetHandleVerifier [0x00AF791A+525834]
	Ordinal0 [0x009EB82C+1095724]
	Ordinal0 [0x009F636B+1139563]
	Ordinal0 [0x009F64D3+1139923]
	Ordinal0 [0x009F5455+1135701]
	BaseThreadInitThunk [0x76256359+25]
	RtlGetAppContainerNamedObjectPath [0x77697B74+228]
	RtlGetAppContainerNamedObjectPath [0x77697B44+180]

	at sun.reflect.NativeConstructorAccessorImpl.newInstance0(Native Method)
	at sun.reflect.NativeConstructorAccessorImpl.newInstance(NativeConstructorAccessorImpl.java:62)
	at sun.reflect.DelegatingConstructorAccessorImpl.newInstance(DelegatingConstructorAccessorImpl.java:45)
	at java.lang.reflect.Constructor.newInstance(Constructor.java:423)
	at org.openqa.selenium.remote.W3CHandshakeResponse.lambda$new$0(W3CHandshakeResponse.java:57)
	at org.openqa.selenium.remote.W3CHandshakeResponse.lambda$getResponseFunction$2(W3CHandshakeResponse.java:104)
	at org.openqa.selenium.remote.ProtocolHandshake.lambda$createSession$0(ProtocolHandshake.java:122)
	at java.util.stream.ReferencePipeline$3$1.accept(ReferencePipeline.java:193)
	at java.util.Spliterators$ArraySpliterator.tryAdvance(Spliterators.java:958)
	at java.util.stream.ReferencePipeline.forEachWithCancel(ReferencePipeline.java:126)
	at java.util.stream.AbstractPipeline.copyIntoWithCancel(AbstractPipeline.java:499)
	at java.util.stream.AbstractPipeline.copyInto(AbstractPipeline.java:486)
	at java.util.stream.AbstractPipeline.wrapAndCopyInto(AbstractPipeline.java:472)
	at java.util.stream.FindOps$FindOp.evaluateSequential(FindOps.java:152)
	at java.util.stream.AbstractPipeline.evaluate(AbstractPipeline.java:234)
	at java.util.stream.ReferencePipeline.findFirst(ReferencePipeline.java:464)
	at org.openqa.selenium.remote.ProtocolHandshake.createSession(ProtocolHandshake.java:125)
	at org.openqa.selenium.remote.ProtocolHandshake.createSession(ProtocolHandshake.java:73)
	at org.openqa.selenium.remote.HttpCommandExecutor.execute(HttpCommandExecutor.java:136)
	at org.openqa.selenium.remote.service.DriverCommandExecutor.execute(DriverCommandExecutor.java:83)
	at org.openqa.selenium.remote.RemoteWebDriver.execute(RemoteWebDriver.java:548)
	at org.openqa.selenium.remote.RemoteWebDriver.startSession(RemoteWebDriver.java:212)
	at org.openqa.selenium.remote.RemoteWebDriver.<init>(RemoteWebDriver.java:130)
	at org.openqa.selenium.chrome.ChromeDriver.<init>(ChromeDriver.java:181)
	at org.openqa.selenium.chrome.ChromeDriver.<init>(ChromeDriver.java:168)
	at org.openqa.selenium.chrome.ChromeDriver.<init>(ChromeDriver.java:123)
	at com.crm.qa.base.TestBase.initialization(TestBase.java:58)
	at com.crm.qa.testcases.e2eTestCase2.openBroswer(e2eTestCase2.java:25)
	at sun.reflect.NativeMethodAccessorImpl.invoke0(Native Method)
	at sun.reflect.NativeMethodAccessorImpl.invoke(NativeMethodAccessorImpl.java:62)
	at sun.reflect.DelegatingMethodAccessorImpl.invoke(DelegatingMethodAccessorImpl.java:43)
	at java.lang.reflect.Method.invoke(Method.java:498)
	at org.testng.internal.MethodInvocationHelper.invokeMethod(MethodInvocationHelper.java:108)
	at org.testng.internal.Invoker.invokeConfigurationMethod(Invoker.java:523)
	at org.testng.internal.Invoker.invokeConfigurations(Invoker.java:224)
	at org.testng.internal.Invoker.invokeConfigurations(Invoker.java:146)
	at org.testng.TestRunner.beforeRun(TestRunner.java:626)
	at org.testng.TestRunner.run(TestRunner.java:594)
	at org.testng.SuiteRunner.runTest(SuiteRunner.java:380)
	at org.testng.SuiteRunner.runSequentially(SuiteRunner.java:375)
	at org.testng.SuiteRunner.privateRun(SuiteRunner.java:340)
	at org.testng.SuiteRunner.run(SuiteRunner.java:289)
	at org.testng.SuiteRunnerWorker.runSuite(SuiteRunnerWorker.java:52)
	at org.testng.SuiteRunnerWorker.run(SuiteRunnerWorker.java:86)
	at org.testng.TestNG.runSuitesSequentially(TestNG.java:1301)
	at org.testng.TestNG.runSuitesLocally(TestNG.java:1226)
	at org.testng.TestNG.runSuites(TestNG.java:1144)
	at org.testng.TestNG.run(TestNG.java:1115)
	at org.testng.remote.AbstractRemoteTestNG.run(AbstractRemoteTestNG.java:115)
	at org.testng.remote.RemoteTestNG.initAndRun(RemoteTestNG.java:251)
	at org.testng.remote.RemoteTestNG.main(RemoteTestNG.java:77)
]]>
    </failure>
  </testcase> <!-- @BeforeTest openBroswer -->
  <testcase name="@AfterTest closeBrowser" time="0.0" classname="com.crm.qa.testcases.e2eTestCase2">
    <skipped/>
  </testcase> <!-- @AfterTest closeBrowser -->
  <testcase name="e2eTest" time="0.001" classname="com.crm.qa.testcases.e2eTestCase2">
    <skipped/>
  </testcase> <!-- e2eTest -->
</testsuite> <!-- Default test -->
